22:09:29.537 request:
1 > GET https://api-ssl.bitly.com/v4/groups/Bl39i27Ji5U/bitlinks/clicks?unit_reference=
1 > Accept: */*
1 > Accept-Encoding: gzip,deflate
1 > Authorization: Bearer 48a7fe60034be1eb264102c122d31ea48f4ef04e
1 > Connection: Keep-Alive
1 > Content-Type: application/json
1 > Host: api-ssl.bitly.com
1 > User-Agent: Apache-HttpClient/4.5.12 (Java/14.0.2)

22:09:29.872 response time in milliseconds: 332.46
1 < 200
1 < Alt-Svc: clear
1 < Content-Security-Policy: default-src 'none
1 < Content-Type: application/json
1 < Date: Fri, 12 Mar 2021 22:09:29 GMT
1 < Server: nginx
1 < Strict-Transport-Security: max-age=31536000; includeSubDomains
1 < Transfer-Encoding: chunked
1 < Via: 1.1 google
1 < X-Content-Type-Options: nosniff
1 < X-Frame-Options: DENY
1 < X-XSS-Protection: 1; mode=blockFilter
{"links":[{"created_at":"2021-03-09T18:03:30+0000","id":"bit.ly/3bvcBqO","link":"https://bit.ly/3bvcBqO","custom_bitlinks":[],"long_url":"http://karthik.com/","archived":false,"created_by":"bharathamanik","client_id":"ece654beaf35f9c29f610ffd4fb128702b4bad15","tags":[],"deeplinks":[],"references":{"group":"https://api-ssl.bitly.com/v4/groups/Bl39i27Ji5U"}},{"created_at":"2021-03-09T18:04:53+0000","id":"bit.ly/38lg8Gk","link":"https://bit.ly/38lg8Gk","custom_bitlinks":[],"long_url":"http://admin.com/","title":"UNIX and Linux System Administration Handbook, Fifth Edtion","archived":false,"created_by":"bharathamanik","client_id":"ece654beaf35f9c29f610ffd4fb128702b4bad15","tags":["Test_Tag"],"deeplinks":[],"references":{"group":"https://api-ssl.bitly.com/v4/groups/Bl39i27Ji5U"}},{"created_at":"2021-03-09T18:04:14+0000","id":"bit.ly/2ODsGly","link":"https://bit.ly/2ODsGly","custom_bitlinks":[],"long_url":"https://www.google.com/","title":"Google share","archived":false,"created_by":"bharathamanik","client_id":"ece654beaf35f9c29f610ffd4fb128702b4bad15","tags":[],"deeplinks":[],"references":{"group":"https://api-ssl.bitly.com/v4/groups/Bl39i27Ji5U"}},{"created_at":"2021-03-11T23:09:22+0000","id":"bit.ly/3rzM0i5","link":"https://bit.ly/3rzM0i5","custom_bitlinks":[],"long_url":"https://www.bbc.co.uuuuu/","title":"test","archived":false,"created_by":"bharathamanik","client_id":"a5e8cebb233c5d07e5c553e917dffb92fec5264d","tags":[],"deeplinks":[],"references":{"group":"https://api-ssl.bitly.com/v4/groups/Bl39i27Ji5U"}},{"created_at":"2021-03-11T23:43:23+0000","id":"bit.ly/3qAb1s1","link":"https://bit.ly/3qAb1s1","custom_bitlinks":[],"long_url":"https://www.bbc.co.us/","title":"tesrt","archived":false,"created_by":"bharathamanik","client_id":"a5e8cebb233c5d07e5c553e917dffb92fec5264d","tags":[],"deeplinks":[],"references":{"group":"https://api-ssl.bitly.com/v4/groups/Bl39i27Ji5U"}}],"sorted_links":[{"id":"bit.ly/2ODsGly","clicks":2},{"id":"bit.ly/3rzM0i5","clicks":1},{"id":"bit.ly/3qAb1s1","clicks":1},{"id":"bit.ly/3bvcBqO","clicks":1},{"id":"bit.ly/38lg8Gk","clicks":1}]}

22:09:29.901 request:
1 > GET https://api-ssl.bitly.com/v4/groups/Bl39i27Ji5U/bitlinks/clicks?unit_reference=2021-03-09T15%3A04%3A05-0700
1 > Accept: */*
1 > Accept-Encoding: gzip,deflate
1 > Authorization: Bearer 48a7fe60034be1eb264102c122d31ea48f4ef04e
1 > Connection: Keep-Alive
1 > Content-Type: application/json
1 > Host: api-ssl.bitly.com
1 > User-Agent: Apache-HttpClient/4.5.12 (Java/14.0.2)

22:09:30.095 response time in milliseconds: 193.16
1 < 200
1 < Alt-Svc: clear
1 < Content-Length: 1285
1 < Content-Security-Policy: default-src 'none
1 < Content-Type: application/json
1 < Date: Fri, 12 Mar 2021 22:09:30 GMT
1 < Server: nginx
1 < Strict-Transport-Security: max-age=31536000; includeSubDomains
1 < Via: 1.1 google
1 < X-Content-Type-Options: nosniff
1 < X-Frame-Options: DENY
1 < X-XSS-Protection: 1; mode=blockFilter
{"links":[{"created_at":"2021-03-09T18:04:14+0000","id":"bit.ly/2ODsGly","link":"https://bit.ly/2ODsGly","custom_bitlinks":[],"long_url":"https://www.google.com/","title":"Google share","archived":false,"created_by":"bharathamanik","client_id":"ece654beaf35f9c29f610ffd4fb128702b4bad15","tags":[],"deeplinks":[],"references":{"group":"https://api-ssl.bitly.com/v4/groups/Bl39i27Ji5U"}},{"created_at":"2021-03-09T18:03:30+0000","id":"bit.ly/3bvcBqO","link":"https://bit.ly/3bvcBqO","custom_bitlinks":[],"long_url":"http://karthik.com/","archived":false,"created_by":"bharathamanik","client_id":"ece654beaf35f9c29f610ffd4fb128702b4bad15","tags":[],"deeplinks":[],"references":{"group":"https://api-ssl.bitly.com/v4/groups/Bl39i27Ji5U"}},{"created_at":"2021-03-09T18:04:53+0000","id":"bit.ly/38lg8Gk","link":"https://bit.ly/38lg8Gk","custom_bitlinks":[],"long_url":"http://admin.com/","title":"UNIX and Linux System Administration Handbook, Fifth Edtion","archived":false,"created_by":"bharathamanik","client_id":"ece654beaf35f9c29f610ffd4fb128702b4bad15","tags":["Test_Tag"],"deeplinks":[],"references":{"group":"https://api-ssl.bitly.com/v4/groups/Bl39i27Ji5U"}}],"sorted_links":[{"id":"bit.ly/2ODsGly","clicks":2},{"id":"bit.ly/3bvcBqO","clicks":1},{"id":"bit.ly/38lg8Gk","clicks":1}]}

22:09:30.110 request:
1 > GET https://api-ssl.bitly.com/v4/groups/Bl39i27Ji5U/bitlinks/clicks?unit_reference=2021-03-12T00%3A00%3A00-0000
1 > Accept: */*
1 > Accept-Encoding: gzip,deflate
1 > Authorization: Bearer 48a7fe60034be1eb264102c122d31ea48f4ef04e
1 > Connection: Keep-Alive
1 > Content-Type: application/json
1 > Host: api-ssl.bitly.com
1 > User-Agent: Apache-HttpClient/4.5.12 (Java/14.0.2)

22:09:30.283 response time in milliseconds: 171.40
1 < 200
1 < Alt-Svc: clear
1 < Content-Security-Policy: default-src 'none
1 < Content-Type: application/json
1 < Date: Fri, 12 Mar 2021 22:09:30 GMT
1 < Server: nginx
1 < Strict-Transport-Security: max-age=31536000; includeSubDomains
1 < Transfer-Encoding: chunked
1 < Via: 1.1 google
1 < X-Content-Type-Options: nosniff
1 < X-Frame-Options: DENY
1 < X-XSS-Protection: 1; mode=blockFilter
{"links":[{"created_at":"2021-03-11T23:43:23+0000","id":"bit.ly/3qAb1s1","link":"https://bit.ly/3qAb1s1","custom_bitlinks":[],"long_url":"https://www.bbc.co.us/","title":"tesrt","archived":false,"created_by":"bharathamanik","client_id":"a5e8cebb233c5d07e5c553e917dffb92fec5264d","tags":[],"deeplinks":[],"references":{"group":"https://api-ssl.bitly.com/v4/groups/Bl39i27Ji5U"}},{"created_at":"2021-03-09T18:03:30+0000","id":"bit.ly/3bvcBqO","link":"https://bit.ly/3bvcBqO","custom_bitlinks":[],"long_url":"http://karthik.com/","archived":false,"created_by":"bharathamanik","client_id":"ece654beaf35f9c29f610ffd4fb128702b4bad15","tags":[],"deeplinks":[],"references":{"group":"https://api-ssl.bitly.com/v4/groups/Bl39i27Ji5U"}},{"created_at":"2021-03-09T18:04:53+0000","id":"bit.ly/38lg8Gk","link":"https://bit.ly/38lg8Gk","custom_bitlinks":[],"long_url":"http://admin.com/","title":"UNIX and Linux System Administration Handbook, Fifth Edtion","archived":false,"created_by":"bharathamanik","client_id":"ece654beaf35f9c29f610ffd4fb128702b4bad15","tags":["Test_Tag"],"deeplinks":[],"references":{"group":"https://api-ssl.bitly.com/v4/groups/Bl39i27Ji5U"}},{"created_at":"2021-03-09T18:04:14+0000","id":"bit.ly/2ODsGly","link":"https://bit.ly/2ODsGly","custom_bitlinks":[],"long_url":"https://www.google.com/","title":"Google share","archived":false,"created_by":"bharathamanik","client_id":"ece654beaf35f9c29f610ffd4fb128702b4bad15","tags":[],"deeplinks":[],"references":{"group":"https://api-ssl.bitly.com/v4/groups/Bl39i27Ji5U"}},{"created_at":"2021-03-11T23:09:22+0000","id":"bit.ly/3rzM0i5","link":"https://bit.ly/3rzM0i5","custom_bitlinks":[],"long_url":"https://www.bbc.co.uuuuu/","title":"test","archived":false,"created_by":"bharathamanik","client_id":"a5e8cebb233c5d07e5c553e917dffb92fec5264d","tags":[],"deeplinks":[],"references":{"group":"https://api-ssl.bitly.com/v4/groups/Bl39i27Ji5U"}}],"sorted_links":[{"id":"bit.ly/2ODsGly","clicks":2},{"id":"bit.ly/3rzM0i5","clicks":1},{"id":"bit.ly/3qAb1s1","clicks":1},{"id":"bit.ly/3bvcBqO","clicks":1},{"id":"bit.ly/38lg8Gk","clicks":1}]}

22:09:30.299 request:
1 > GET https://api-ssl.bitly.com/v4/groups/Bl39i27Ji5U/bitlinks/clicks?size=1
1 > Accept: */*
1 > Accept-Encoding: gzip,deflate
1 > Authorization: Bearer 48a7fe60034be1eb264102c122d31ea48f4ef04e
1 > Connection: Keep-Alive
1 > Content-Type: application/json
1 > Host: api-ssl.bitly.com
1 > User-Agent: Apache-HttpClient/4.5.12 (Java/14.0.2)

22:09:30.467 response time in milliseconds: 167.57
1 < 200
1 < Alt-Svc: clear
1 < Content-Length: 439
1 < Content-Security-Policy: default-src 'none
1 < Content-Type: application/json
1 < Date: Fri, 12 Mar 2021 22:09:30 GMT
1 < Server: nginx
1 < Strict-Transport-Security: max-age=31536000; includeSubDomains
1 < Via: 1.1 google
1 < X-Content-Type-Options: nosniff
1 < X-Frame-Options: DENY
1 < X-XSS-Protection: 1; mode=blockFilter
{"links":[{"created_at":"2021-03-09T18:04:14+0000","id":"bit.ly/2ODsGly","link":"https://bit.ly/2ODsGly","custom_bitlinks":[],"long_url":"https://www.google.com/","title":"Google share","archived":false,"created_by":"bharathamanik","client_id":"ece654beaf35f9c29f610ffd4fb128702b4bad15","tags":[],"deeplinks":[],"references":{"group":"https://api-ssl.bitly.com/v4/groups/Bl39i27Ji5U"}}],"sorted_links":[{"id":"bit.ly/2ODsGly","clicks":2}]}

22:09:30.485 request:
1 > GET https://api-ssl.bitly.com/v4/groups/Bl39i27Ji5U/bitlinks/clicks?size=5
1 > Accept: */*
1 > Accept-Encoding: gzip,deflate
1 > Authorization: Bearer 48a7fe60034be1eb264102c122d31ea48f4ef04e
1 > Connection: Keep-Alive
1 > Content-Type: application/json
1 > Host: api-ssl.bitly.com
1 > User-Agent: Apache-HttpClient/4.5.12 (Java/14.0.2)

22:09:30.668 response time in milliseconds: 181.62
1 < 200
1 < Alt-Svc: clear
1 < Content-Security-Policy: default-src 'none
1 < Content-Type: application/json
1 < Date: Fri, 12 Mar 2021 22:09:30 GMT
1 < Server: nginx
1 < Strict-Transport-Security: max-age=31536000; includeSubDomains
1 < Transfer-Encoding: chunked
1 < Via: 1.1 google
1 < X-Content-Type-Options: nosniff
1 < X-Frame-Options: DENY
1 < X-XSS-Protection: 1; mode=blockFilter
{"links":[{"created_at":"2021-03-09T18:04:14+0000","id":"bit.ly/2ODsGly","link":"https://bit.ly/2ODsGly","custom_bitlinks":[],"long_url":"https://www.google.com/","title":"Google share","archived":false,"created_by":"bharathamanik","client_id":"ece654beaf35f9c29f610ffd4fb128702b4bad15","tags":[],"deeplinks":[],"references":{"group":"https://api-ssl.bitly.com/v4/groups/Bl39i27Ji5U"}},{"created_at":"2021-03-11T23:09:22+0000","id":"bit.ly/3rzM0i5","link":"https://bit.ly/3rzM0i5","custom_bitlinks":[],"long_url":"https://www.bbc.co.uuuuu/","title":"test","archived":false,"created_by":"bharathamanik","client_id":"a5e8cebb233c5d07e5c553e917dffb92fec5264d","tags":[],"deeplinks":[],"references":{"group":"https://api-ssl.bitly.com/v4/groups/Bl39i27Ji5U"}},{"created_at":"2021-03-11T23:43:23+0000","id":"bit.ly/3qAb1s1","link":"https://bit.ly/3qAb1s1","custom_bitlinks":[],"long_url":"https://www.bbc.co.us/","title":"tesrt","archived":false,"created_by":"bharathamanik","client_id":"a5e8cebb233c5d07e5c553e917dffb92fec5264d","tags":[],"deeplinks":[],"references":{"group":"https://api-ssl.bitly.com/v4/groups/Bl39i27Ji5U"}},{"created_at":"2021-03-09T18:03:30+0000","id":"bit.ly/3bvcBqO","link":"https://bit.ly/3bvcBqO","custom_bitlinks":[],"long_url":"http://karthik.com/","archived":false,"created_by":"bharathamanik","client_id":"ece654beaf35f9c29f610ffd4fb128702b4bad15","tags":[],"deeplinks":[],"references":{"group":"https://api-ssl.bitly.com/v4/groups/Bl39i27Ji5U"}},{"created_at":"2021-03-09T18:04:53+0000","id":"bit.ly/38lg8Gk","link":"https://bit.ly/38lg8Gk","custom_bitlinks":[],"long_url":"http://admin.com/","title":"UNIX and Linux System Administration Handbook, Fifth Edtion","archived":false,"created_by":"bharathamanik","client_id":"ece654beaf35f9c29f610ffd4fb128702b4bad15","tags":["Test_Tag"],"deeplinks":[],"references":{"group":"https://api-ssl.bitly.com/v4/groups/Bl39i27Ji5U"}}],"sorted_links":[{"id":"bit.ly/2ODsGly","clicks":2},{"id":"bit.ly/3rzM0i5","clicks":1},{"id":"bit.ly/3qAb1s1","clicks":1},{"id":"bit.ly/3bvcBqO","clicks":1},{"id":"bit.ly/38lg8Gk","clicks":1}]}

22:09:30.689 request:
1 > GET https://api-ssl.bitly.com/v4/groups/Bl39i27Ji5U/bitlinks/clicks?units=-1
1 > Accept: */*
1 > Accept-Encoding: gzip,deflate
1 > Authorization: Bearer 48a7fe60034be1eb264102c122d31ea48f4ef04e
1 > Connection: Keep-Alive
1 > Content-Type: application/json
1 > Host: api-ssl.bitly.com
1 > User-Agent: Apache-HttpClient/4.5.12 (Java/14.0.2)

22:09:30.862 response time in milliseconds: 172.25
1 < 200
1 < Alt-Svc: clear
1 < Content-Security-Policy: default-src 'none
1 < Content-Type: application/json
1 < Date: Fri, 12 Mar 2021 22:09:30 GMT
1 < Server: nginx
1 < Strict-Transport-Security: max-age=31536000; includeSubDomains
1 < Transfer-Encoding: chunked
1 < Via: 1.1 google
1 < X-Content-Type-Options: nosniff
1 < X-Frame-Options: DENY
1 < X-XSS-Protection: 1; mode=blockFilter
{"links":[{"created_at":"2021-03-11T23:09:22+0000","id":"bit.ly/3rzM0i5","link":"https://bit.ly/3rzM0i5","custom_bitlinks":[],"long_url":"https://www.bbc.co.uuuuu/","title":"test","archived":false,"created_by":"bharathamanik","client_id":"a5e8cebb233c5d07e5c553e917dffb92fec5264d","tags":[],"deeplinks":[],"references":{"group":"https://api-ssl.bitly.com/v4/groups/Bl39i27Ji5U"}},{"created_at":"2021-03-11T23:43:23+0000","id":"bit.ly/3qAb1s1","link":"https://bit.ly/3qAb1s1","custom_bitlinks":[],"long_url":"https://www.bbc.co.us/","title":"tesrt","archived":false,"created_by":"bharathamanik","client_id":"a5e8cebb233c5d07e5c553e917dffb92fec5264d","tags":[],"deeplinks":[],"references":{"group":"https://api-ssl.bitly.com/v4/groups/Bl39i27Ji5U"}},{"created_at":"2021-03-09T18:03:30+0000","id":"bit.ly/3bvcBqO","link":"https://bit.ly/3bvcBqO","custom_bitlinks":[],"long_url":"http://karthik.com/","archived":false,"created_by":"bharathamanik","client_id":"ece654beaf35f9c29f610ffd4fb128702b4bad15","tags":[],"deeplinks":[],"references":{"group":"https://api-ssl.bitly.com/v4/groups/Bl39i27Ji5U"}},{"created_at":"2021-03-09T18:04:53+0000","id":"bit.ly/38lg8Gk","link":"https://bit.ly/38lg8Gk","custom_bitlinks":[],"long_url":"http://admin.com/","title":"UNIX and Linux System Administration Handbook, Fifth Edtion","archived":false,"created_by":"bharathamanik","client_id":"ece654beaf35f9c29f610ffd4fb128702b4bad15","tags":["Test_Tag"],"deeplinks":[],"references":{"group":"https://api-ssl.bitly.com/v4/groups/Bl39i27Ji5U"}},{"created_at":"2021-03-09T18:04:14+0000","id":"bit.ly/2ODsGly","link":"https://bit.ly/2ODsGly","custom_bitlinks":[],"long_url":"https://www.google.com/","title":"Google share","archived":false,"created_by":"bharathamanik","client_id":"ece654beaf35f9c29f610ffd4fb128702b4bad15","tags":[],"deeplinks":[],"references":{"group":"https://api-ssl.bitly.com/v4/groups/Bl39i27Ji5U"}}],"sorted_links":[{"id":"bit.ly/2ODsGly","clicks":2},{"id":"bit.ly/3rzM0i5","clicks":1},{"id":"bit.ly/3qAb1s1","clicks":1},{"id":"bit.ly/3bvcBqO","clicks":1},{"id":"bit.ly/38lg8Gk","clicks":1}]}

22:09:30.884 request:
1 > GET https://api-ssl.bitly.com/v4/groups/Bl39i27Ji5U/bitlinks/clicks?unit=day
1 > Accept: */*
1 > Accept-Encoding: gzip,deflate
1 > Authorization: Bearer 48a7fe60034be1eb264102c122d31ea48f4ef04e
1 > Connection: Keep-Alive
1 > Content-Type: application/json
1 > Host: api-ssl.bitly.com
1 > User-Agent: Apache-HttpClient/4.5.12 (Java/14.0.2)

22:09:31.068 response time in milliseconds: 182.85
1 < 200
1 < Alt-Svc: clear
1 < Content-Security-Policy: default-src 'none
1 < Content-Type: application/json
1 < Date: Fri, 12 Mar 2021 22:09:30 GMT
1 < Server: nginx
1 < Strict-Transport-Security: max-age=31536000; includeSubDomains
1 < Transfer-Encoding: chunked
1 < Via: 1.1 google
1 < X-Content-Type-Options: nosniff
1 < X-Frame-Options: DENY
1 < X-XSS-Protection: 1; mode=blockFilter
{"links":[{"created_at":"2021-03-09T18:03:30+0000","id":"bit.ly/3bvcBqO","link":"https://bit.ly/3bvcBqO","custom_bitlinks":[],"long_url":"http://karthik.com/","archived":false,"created_by":"bharathamanik","client_id":"ece654beaf35f9c29f610ffd4fb128702b4bad15","tags":[],"deeplinks":[],"references":{"group":"https://api-ssl.bitly.com/v4/groups/Bl39i27Ji5U"}},{"created_at":"2021-03-09T18:04:53+0000","id":"bit.ly/38lg8Gk","link":"https://bit.ly/38lg8Gk","custom_bitlinks":[],"long_url":"http://admin.com/","title":"UNIX and Linux System Administration Handbook, Fifth Edtion","archived":false,"created_by":"bharathamanik","client_id":"ece654beaf35f9c29f610ffd4fb128702b4bad15","tags":["Test_Tag"],"deeplinks":[],"references":{"group":"https://api-ssl.bitly.com/v4/groups/Bl39i27Ji5U"}},{"created_at":"2021-03-09T18:04:14+0000","id":"bit.ly/2ODsGly","link":"https://bit.ly/2ODsGly","custom_bitlinks":[],"long_url":"https://www.google.com/","title":"Google share","archived":false,"created_by":"bharathamanik","client_id":"ece654beaf35f9c29f610ffd4fb128702b4bad15","tags":[],"deeplinks":[],"references":{"group":"https://api-ssl.bitly.com/v4/groups/Bl39i27Ji5U"}},{"created_at":"2021-03-11T23:09:22+0000","id":"bit.ly/3rzM0i5","link":"https://bit.ly/3rzM0i5","custom_bitlinks":[],"long_url":"https://www.bbc.co.uuuuu/","title":"test","archived":false,"created_by":"bharathamanik","client_id":"a5e8cebb233c5d07e5c553e917dffb92fec5264d","tags":[],"deeplinks":[],"references":{"group":"https://api-ssl.bitly.com/v4/groups/Bl39i27Ji5U"}},{"created_at":"2021-03-11T23:43:23+0000","id":"bit.ly/3qAb1s1","link":"https://bit.ly/3qAb1s1","custom_bitlinks":[],"long_url":"https://www.bbc.co.us/","title":"tesrt","archived":false,"created_by":"bharathamanik","client_id":"a5e8cebb233c5d07e5c553e917dffb92fec5264d","tags":[],"deeplinks":[],"references":{"group":"https://api-ssl.bitly.com/v4/groups/Bl39i27Ji5U"}}],"sorted_links":[{"id":"bit.ly/2ODsGly","clicks":2},{"id":"bit.ly/3rzM0i5","clicks":1},{"id":"bit.ly/3qAb1s1","clicks":1},{"id":"bit.ly/3bvcBqO","clicks":1},{"id":"bit.ly/38lg8Gk","clicks":1}]}

54beaf35f9c29f610ffd4fb128702b4bad15","tags":[],"deeplinks":[],"references":{"group":"https://api-ssl.bitly.com/v4/groups/Bl39i27Ji5U"}},{"created_at":"2021-03-09T18:04:53+0000","id":"bit.ly/38lg8Gk","link":"https://bit.ly/38lg8Gk","custom_bitlinks":[],"long_url":"http://admin.com/","title":"UNIX and Linux System Administration Handbook, Fifth Edtion","archived":false,"created_by":"bharathamanik","client_id":"ece654beaf35f9c29f610ffd4fb128702b4bad15","tags":["Test_Tag"],"deeplinks":[],"references":{"group":"https://api-ssl.bitly.com/v4/groups/Bl39i27Ji5U"}}],"sorted_links":[{"id":"bit.ly/2ODsGly","clicks":2},{"id":"bit.ly/3bvcBqO","clicks":1},{"id":"bit.ly/38lg8Gk","clicks":1}]}

19:24:18.942 request:
1 > GET https://api-ssl.bitly.com/v4/groups/Bl39i27Ji5U/bitlinks/clicks?size=1
1 > Accept: */*
1 > Accept-Encoding: gzip,deflate
1 > Authorization: Bearer 48a7fe60034be1eb264102c122d31ea48f4ef04e
1 > Connection: Keep-Alive
1 > Content-Type: application/json
1 > Host: api-ssl.bitly.com
1 > User-Agent: Apache-HttpClient/4.5.12 (Java/14.0.2)

19:24:19.108 response time in milliseconds: 165.47
1 < 200
1 < Alt-Svc: clear
1 < Content-Length: 439
1 < Content-Security-Policy: default-src 'none
1 < Content-Type: application/json
1 < Date: Fri, 12 Mar 2021 19:24:19 GMT
1 < Server: nginx
1 < Strict-Transport-Security: max-age=31536000; includeSubDomains
1 < Via: 1.1 google
1 < X-Content-Type-Options: nosniff
1 < X-Frame-Options: DENY
1 < X-XSS-Protection: 1; mode=blockFilter
{"links":[{"created_at":"2021-03-09T18:04:14+0000","id":"bit.ly/2ODsGly","link":"https://bit.ly/2ODsGly","custom_bitlinks":[],"long_url":"https://www.google.com/","title":"Google share","archived":false,"created_by":"bharathamanik","client_id":"ece654beaf35f9c29f610ffd4fb128702b4bad15","tags":[],"deeplinks":[],"references":{"group":"https://api-ssl.bitly.com/v4/groups/Bl39i27Ji5U"}}],"sorted_links":[{"id":"bit.ly/2ODsGly","clicks":2}]}

19:24:19.118 request:
1 > GET https://api-ssl.bitly.com/v4/groups/Bl39i27Ji5U/bitlinks/clicks?size=5
1 > Accept: */*
1 > Accept-Encoding: gzip,deflate
1 > Authorization: Bearer 48a7fe60034be1eb264102c122d31ea48f4ef04e
1 > Connection: Keep-Alive
1 > Content-Type: application/json
1 > Host: api-ssl.bitly.com
1 > User-Agent: Apache-HttpClient/4.5.12 (Java/14.0.2)

19:24:19.290 response time in milliseconds: 170.81
1 < 200
1 < Alt-Svc: clear
1 < Content-Security-Policy: default-src 'none
1 < Content-Type: application/json
1 < Date: Fri, 12 Mar 2021 19:24:19 GMT
1 < Server: nginx
1 < Strict-Transport-Security: max-age=31536000; includeSubDomains
1 < Transfer-Encoding: chunked
1 < Via: 1.1 google
1 < X-Content-Type-Options: nosniff
1 < X-Frame-Options: DENY
1 < X-XSS-Protection: 1; mode=blockFilter
{"links":[{"created_at":"2021-03-09T18:04:14+0000","id":"bit.ly/2ODsGly","link":"https://bit.ly/2ODsGly","custom_bitlinks":[],"long_url":"https://www.google.com/","title":"Google share","archived":false,"created_by":"bharathamanik","client_id":"ece654beaf35f9c29f610ffd4fb128702b4bad15","tags":[],"deeplinks":[],"references":{"group":"https://api-ssl.bitly.com/v4/groups/Bl39i27Ji5U"}},{"created_at":"2021-03-11T23:09:22+0000","id":"bit.ly/3rzM0i5","link":"https://bit.ly/3rzM0i5","custom_bitlinks":[],"long_url":"https://www.bbc.co.uuuuu/","title":"test","archived":false,"created_by":"bharathamanik","client_id":"a5e8cebb233c5d07e5c553e917dffb92fec5264d","tags":[],"deeplinks":[],"references":{"group":"https://api-ssl.bitly.com/v4/groups/Bl39i27Ji5U"}},{"created_at":"2021-03-11T23:43:23+0000","id":"bit.ly/3qAb1s1","link":"https://bit.ly/3qAb1s1","custom_bitlinks":[],"long_url":"https://www.bbc.co.us/","title":"tesrt","archived":false,"created_by":"bharathamanik","client_id":"a5e8cebb233c5d07e5c553e917dffb92fec5264d","tags":[],"deeplinks":[],"references":{"group":"https://api-ssl.bitly.com/v4/groups/Bl39i27Ji5U"}},{"created_at":"2021-03-09T18:03:30+0000","id":"bit.ly/3bvcBqO","link":"https://bit.ly/3bvcBqO","custom_bitlinks":[],"long_url":"http://karthik.com/","archived":false,"created_by":"bharathamanik","client_id":"ece654beaf35f9c29f610ffd4fb128702b4bad15","tags":[],"deeplinks":[],"references":{"group":"https://api-ssl.bitly.com/v4/groups/Bl39i27Ji5U"}},{"created_at":"2021-03-09T18:04:53+0000","id":"bit.ly/38lg8Gk","link":"https://bit.ly/38lg8Gk","custom_bitlinks":[],"long_url":"http://admin.com/","title":"UNIX and Linux System Administration Handbook, Fifth Edtion","archived":false,"created_by":"bharathamanik","client_id":"ece654beaf35f9c29f610ffd4fb128702b4bad15","tags":["Test_Tag"],"deeplinks":[],"references":{"group":"https://api-ssl.bitly.com/v4/groups/Bl39i27Ji5U"}}],"sorted_links":[{"id":"bit.ly/2ODsGly","clicks":2},{"id":"bit.ly/3rzM0i5","clicks":1},{"id":"bit.ly/3qAb1s1","clicks":1},{"id":"bit.ly/3bvcBqO","clicks":1},{"id":"bit.ly/38lg8Gk","clicks":1}]}

"long_url":"http://karthik.com/","archived":false,"created_by":"bharathamanik","client_id":"ece654beaf35f9c29f610ffd4fb128702b4bad15","tags":[],"deeplinks":[],"references":{"group":"https://api-ssl.bitly.com/v4/groups/Bl39i27Ji5U"}}],"sorted_links":[{"id":"bit.ly/2ODsGly","clicks":2},{"id":"bit.ly/3rzM0i5","clicks":1},{"id":"bit.ly/3qAb1s1","clicks":1},{"id":"bit.ly/3bvcBqO","clicks":1},{"id":"bit.ly/38lg8Gk","clicks":1}]}

